nohup: ignoring input
2025-07-24 22:35:25,942 - __main__ - INFO - 投稿机器人启动中...
2025-07-24 22:35:26,211 - httpx - INFO - HTTP Request: POST https://api.telegram.org/bot7983511863:AAGTLwLrGF9ZsCu8imXUuq-qnD_OeHCIXM8/getMe "HTTP/1.1 200 OK"
2025-07-24 22:35:26,298 - httpx - INFO - HTTP Request: POST https://api.telegram.org/bot7983511863:AAGTLwLrGF9ZsCu8imXUuq-qnD_OeHCIXM8/deleteWebhook "HTTP/1.1 200 OK"
2025-07-24 22:35:26,299 - telegram.ext.Application - INFO - Application started
2025-07-24 22:35:36,561 - httpx - INFO - HTTP Request: POST https://api.telegram.org/bot7983511863:AAGTLwLrGF9ZsCu8imXUuq-qnD_OeHCIXM8/getUpdates "HTTP/1.1 200 OK"
2025-07-24 22:35:46,650 - httpx - INFO - HTTP Request: POST https://api.telegram.org/bot7983511863:AAGTLwLrGF9ZsCu8imXUuq-qnD_OeHCIXM8/getUpdates "HTTP/1.1 200 OK"
2025-07-24 22:35:56,736 - httpx - INFO - HTTP Request: POST https://api.telegram.org/bot7983511863:AAGTLwLrGF9ZsCu8imXUuq-qnD_OeHCIXM8/getUpdates "HTTP/1.1 200 OK"
2025-07-24 22:36:06,827 - httpx - INFO - HTTP Request: POST https://api.telegram.org/bot7983511863:AAGTLwLrGF9ZsCu8imXUuq-qnD_OeHCIXM8/getUpdates "HTTP/1.1 200 OK"
2025-07-24 22:36:16,916 - httpx - INFO - HTTP Request: POST https://api.telegram.org/bot7983511863:AAGTLwLrGF9ZsCu8imXUuq-qnD_OeHCIXM8/getUpdates "HTTP/1.1 200 OK"
2025-07-24 22:36:27,010 - httpx - INFO - HTTP Request: POST https://api.telegram.org/bot7983511863:AAGTLwLrGF9ZsCu8imXUuq-qnD_OeHCIXM8/getUpdates "HTTP/1.1 200 OK"
2025-07-24 22:36:37,097 - httpx - INFO - HTTP Request: POST https://api.telegram.org/bot7983511863:AAGTLwLrGF9ZsCu8imXUuq-qnD_OeHCIXM8/getUpdates "HTTP/1.1 200 OK"
2025-07-24 22:36:47,185 - httpx - INFO - HTTP Request: POST https://api.telegram.org/bot7983511863:AAGTLwLrGF9ZsCu8imXUuq-qnD_OeHCIXM8/getUpdates "HTTP/1.1 200 OK"
2025-07-24 22:36:57,273 - httpx - INFO - HTTP Request: POST https://api.telegram.org/bot7983511863:AAGTLwLrGF9ZsCu8imXUuq-qnD_OeHCIXM8/getUpdates "HTTP/1.1 200 OK"
2025-07-24 22:37:07,386 - httpx - INFO - HTTP Request: POST https://api.telegram.org/bot7983511863:AAGTLwLrGF9ZsCu8imXUuq-qnD_OeHCIXM8/getUpdates "HTTP/1.1 200 OK"
2025-07-24 22:37:17,473 - httpx - INFO - HTTP Request: POST https://api.telegram.org/bot7983511863:AAGTLwLrGF9ZsCu8imXUuq-qnD_OeHCIXM8/getUpdates "HTTP/1.1 200 OK"
2025-07-24 22:37:27,567 - httpx - INFO - HTTP Request: POST https://api.telegram.org/bot7983511863:AAGTLwLrGF9ZsCu8imXUuq-qnD_OeHCIXM8/getUpdates "HTTP/1.1 200 OK"
2025-07-24 22:37:37,656 - httpx - INFO - HTTP Request: POST https://api.telegram.org/bot7983511863:AAGTLwLrGF9ZsCu8imXUuq-qnD_OeHCIXM8/getUpdates "HTTP/1.1 200 OK"
2025-07-24 22:37:47,743 - httpx - INFO - HTTP Request: POST https://api.telegram.org/bot7983511863:AAGTLwLrGF9ZsCu8imXUuq-qnD_OeHCIXM8/getUpdates "HTTP/1.1 200 OK"
2025-07-24 22:37:57,829 - httpx - INFO - HTTP Request: POST https://api.telegram.org/bot7983511863:AAGTLwLrGF9ZsCu8imXUuq-qnD_OeHCIXM8/getUpdates "HTTP/1.1 200 OK"
2025-07-24 22:38:07,918 - httpx - INFO - HTTP Request: POST https://api.telegram.org/bot7983511863:AAGTLwLrGF9ZsCu8imXUuq-qnD_OeHCIXM8/getUpdates "HTTP/1.1 200 OK"
2025-07-24 22:38:18,005 - httpx - INFO - HTTP Request: POST https://api.telegram.org/bot7983511863:AAGTLwLrGF9ZsCu8imXUuq-qnD_OeHCIXM8/getUpdates "HTTP/1.1 200 OK"
2025-07-24 22:38:28,094 - httpx - INFO - HTTP Request: POST https://api.telegram.org/bot7983511863:AAGTLwLrGF9ZsCu8imXUuq-qnD_OeHCIXM8/getUpdates "HTTP/1.1 200 OK"
2025-07-24 22:38:38,181 - httpx - INFO - HTTP Request: POST https://api.telegram.org/bot7983511863:AAGTLwLrGF9ZsCu8imXUuq-qnD_OeHCIXM8/getUpdates "HTTP/1.1 200 OK"
2025-07-24 22:38:48,268 - httpx - INFO - HTTP Request: POST https://api.telegram.org/bot7983511863:AAGTLwLrGF9ZsCu8imXUuq-qnD_OeHCIXM8/getUpdates "HTTP/1.1 200 OK"
2025-07-24 22:38:58,355 - httpx - INFO - HTTP Request: POST https://api.telegram.org/bot7983511863:AAGTLwLrGF9ZsCu8imXUuq-qnD_OeHCIXM8/getUpdates "HTTP/1.1 200 OK"
2025-07-24 22:39:08,442 - httpx - INFO - HTTP Request: POST https://api.telegram.org/bot7983511863:AAGTLwLrGF9ZsCu8imXUuq-qnD_OeHCIXM8/getUpdates "HTTP/1.1 200 OK"
2025-07-24 22:39:18,533 - httpx - INFO - HTTP Request: POST https://api.telegram.org/bot7983511863:AAGTLwLrGF9ZsCu8imXUuq-qnD_OeHCIXM8/getUpdates "HTTP/1.1 200 OK"
2025-07-24 22:39:28,620 - httpx - INFO - HTTP Request: POST https://api.telegram.org/bot7983511863:AAGTLwLrGF9ZsCu8imXUuq-qnD_OeHCIXM8/getUpdates "HTTP/1.1 200 OK"
2025-07-24 22:39:38,707 - httpx - INFO - HTTP Request: POST https://api.telegram.org/bot7983511863:AAGTLwLrGF9ZsCu8imXUuq-qnD_OeHCIXM8/getUpdates "HTTP/1.1 200 OK"
2025-07-24 22:39:48,794 - httpx - INFO - HTTP Request: POST https://api.telegram.org/bot7983511863:AAGTLwLrGF9ZsCu8imXUuq-qnD_OeHCIXM8/getUpdates "HTTP/1.1 200 OK"
2025-07-24 22:39:58,882 - httpx - INFO - HTTP Request: POST https://api.telegram.org/bot7983511863:AAGTLwLrGF9ZsCu8imXUuq-qnD_OeHCIXM8/getUpdates "HTTP/1.1 200 OK"
2025-07-24 22:40:08,968 - httpx - INFO - HTTP Request: POST https://api.telegram.org/bot7983511863:AAGTLwLrGF9ZsCu8imXUuq-qnD_OeHCIXM8/getUpdates "HTTP/1.1 200 OK"
2025-07-24 22:40:19,056 - httpx - INFO - HTTP Request: POST https://api.telegram.org/bot7983511863:AAGTLwLrGF9ZsCu8imXUuq-qnD_OeHCIXM8/getUpdates "HTTP/1.1 200 OK"
2025-07-24 22:40:29,142 - httpx - INFO - HTTP Request: POST https://api.telegram.org/bot7983511863:AAGTLwLrGF9ZsCu8imXUuq-qnD_OeHCIXM8/getUpdates "HTTP/1.1 200 OK"
2025-07-24 22:40:39,235 - httpx - INFO - HTTP Request: POST https://api.telegram.org/bot7983511863:AAGTLwLrGF9ZsCu8imXUuq-qnD_OeHCIXM8/getUpdates "HTTP/1.1 200 OK"
2025-07-24 22:40:49,326 - httpx - INFO - HTTP Request: POST https://api.telegram.org/bot7983511863:AAGTLwLrGF9ZsCu8imXUuq-qnD_OeHCIXM8/getUpdates "HTTP/1.1 200 OK"
2025-07-24 22:40:59,414 - httpx - INFO - HTTP Request: POST https://api.telegram.org/bot7983511863:AAGTLwLrGF9ZsCu8imXUuq-qnD_OeHCIXM8/getUpdates "HTTP/1.1 200 OK"
2025-07-24 22:41:09,502 - httpx - INFO - HTTP Request: POST https://api.telegram.org/bot7983511863:AAGTLwLrGF9ZsCu8imXUuq-qnD_OeHCIXM8/getUpdates "HTTP/1.1 200 OK"
2025-07-24 22:41:19,590 - httpx - INFO - HTTP Request: POST https://api.telegram.org/bot7983511863:AAGTLwLrGF9ZsCu8imXUuq-qnD_OeHCIXM8/getUpdates "HTTP/1.1 200 OK"
2025-07-24 22:41:29,676 - httpx - INFO - HTTP Request: POST https://api.telegram.org/bot7983511863:AAGTLwLrGF9ZsCu8imXUuq-qnD_OeHCIXM8/getUpdates "HTTP/1.1 200 OK"
2025-07-24 22:41:39,762 - httpx - INFO - HTTP Request: POST https://api.telegram.org/bot7983511863:AAGTLwLrGF9ZsCu8imXUuq-qnD_OeHCIXM8/getUpdates "HTTP/1.1 200 OK"
2025-07-24 22:41:49,849 - httpx - INFO - HTTP Request: POST https://api.telegram.org/bot7983511863:AAGTLwLrGF9ZsCu8imXUuq-qnD_OeHCIXM8/getUpdates "HTTP/1.1 200 OK"
2025-07-24 22:41:59,936 - httpx - INFO - HTTP Request: POST https://api.telegram.org/bot7983511863:AAGTLwLrGF9ZsCu8imXUuq-qnD_OeHCIXM8/getUpdates "HTTP/1.1 200 OK"
2025-07-24 22:42:10,024 - httpx - INFO - HTTP Request: POST https://api.telegram.org/bot7983511863:AAGTLwLrGF9ZsCu8imXUuq-qnD_OeHCIXM8/getUpdates "HTTP/1.1 200 OK"
2025-07-24 22:42:20,113 - httpx - INFO - HTTP Request: POST https://api.telegram.org/bot7983511863:AAGTLwLrGF9ZsCu8imXUuq-qnD_OeHCIXM8/getUpdates "HTTP/1.1 200 OK"
2025-07-24 22:42:30,201 - httpx - INFO - HTTP Request: POST https://api.telegram.org/bot7983511863:AAGTLwLrGF9ZsCu8imXUuq-qnD_OeHCIXM8/getUpdates "HTTP/1.1 200 OK"
2025-07-24 22:42:40,288 - httpx - INFO - HTTP Request: POST https://api.telegram.org/bot7983511863:AAGTLwLrGF9ZsCu8imXUuq-qnD_OeHCIXM8/getUpdates "HTTP/1.1 200 OK"
2025-07-24 22:42:50,375 - httpx - INFO - HTTP Request: POST https://api.telegram.org/bot7983511863:AAGTLwLrGF9ZsCu8imXUuq-qnD_OeHCIXM8/getUpdates "HTTP/1.1 200 OK"
2025-07-24 22:43:00,466 - httpx - INFO - HTTP Request: POST https://api.telegram.org/bot7983511863:AAGTLwLrGF9ZsCu8imXUuq-qnD_OeHCIXM8/getUpdates "HTTP/1.1 200 OK"
2025-07-24 22:43:10,552 - httpx - INFO - HTTP Request: POST https://api.telegram.org/bot7983511863:AAGTLwLrGF9ZsCu8imXUuq-qnD_OeHCIXM8/getUpdates "HTTP/1.1 200 OK"
2025-07-24 22:43:20,639 - httpx - INFO - HTTP Request: POST https://api.telegram.org/bot7983511863:AAGTLwLrGF9ZsCu8imXUuq-qnD_OeHCIXM8/getUpdates "HTTP/1.1 200 OK"
2025-07-24 22:43:30,726 - httpx - INFO - HTTP Request: POST https://api.telegram.org/bot7983511863:AAGTLwLrGF9ZsCu8imXUuq-qnD_OeHCIXM8/getUpdates "HTTP/1.1 200 OK"
2025-07-24 22:43:40,813 - httpx - INFO - HTTP Request: POST https://api.telegram.org/bot7983511863:AAGTLwLrGF9ZsCu8imXUuq-qnD_OeHCIXM8/getUpdates "HTTP/1.1 200 OK"
2025-07-24 22:43:50,900 - httpx - INFO - HTTP Request: POST https://api.telegram.org/bot7983511863:AAGTLwLrGF9ZsCu8imXUuq-qnD_OeHCIXM8/getUpdates "HTTP/1.1 200 OK"
2025-07-24 22:44:00,987 - httpx - INFO - HTTP Request: POST https://api.telegram.org/bot7983511863:AAGTLwLrGF9ZsCu8imXUuq-qnD_OeHCIXM8/getUpdates "HTTP/1.1 200 OK"
2025-07-24 22:44:11,077 - httpx - INFO - HTTP Request: POST https://api.telegram.org/bot7983511863:AAGTLwLrGF9ZsCu8imXUuq-qnD_OeHCIXM8/getUpdates "HTTP/1.1 200 OK"
2025-07-24 22:44:21,163 - httpx - INFO - HTTP Request: POST https://api.telegram.org/bot7983511863:AAGTLwLrGF9ZsCu8imXUuq-qnD_OeHCIXM8/getUpdates "HTTP/1.1 200 OK"
2025-07-24 22:44:31,250 - httpx - INFO - HTTP Request: POST https://api.telegram.org/bot7983511863:AAGTLwLrGF9ZsCu8imXUuq-qnD_OeHCIXM8/getUpdates "HTTP/1.1 200 OK"
2025-07-24 22:44:41,337 - httpx - INFO - HTTP Request: POST https://api.telegram.org/bot7983511863:AAGTLwLrGF9ZsCu8imXUuq-qnD_OeHCIXM8/getUpdates "HTTP/1.1 200 OK"
2025-07-24 22:44:51,438 - httpx - INFO - HTTP Request: POST https://api.telegram.org/bot7983511863:AAGTLwLrGF9ZsCu8imXUuq-qnD_OeHCIXM8/getUpdates "HTTP/1.1 200 OK"
2025-07-24 22:45:01,524 - httpx - INFO - HTTP Request: POST https://api.telegram.org/bot7983511863:AAGTLwLrGF9ZsCu8imXUuq-qnD_OeHCIXM8/getUpdates "HTTP/1.1 200 OK"
2025-07-24 22:45:11,611 - httpx - INFO - HTTP Request: POST https://api.telegram.org/bot7983511863:AAGTLwLrGF9ZsCu8imXUuq-qnD_OeHCIXM8/getUpdates "HTTP/1.1 200 OK"
2025-07-24 22:45:21,699 - httpx - INFO - HTTP Request: POST https://api.telegram.org/bot7983511863:AAGTLwLrGF9ZsCu8imXUuq-qnD_OeHCIXM8/getUpdates "HTTP/1.1 200 OK"
2025-07-24 22:45:31,787 - httpx - INFO - HTTP Request: POST https://api.telegram.org/bot7983511863:AAGTLwLrGF9ZsCu8imXUuq-qnD_OeHCIXM8/getUpdates "HTTP/1.1 200 OK"
2025-07-24 22:45:41,873 - httpx - INFO - HTTP Request: POST https://api.telegram.org/bot7983511863:AAGTLwLrGF9ZsCu8imXUuq-qnD_OeHCIXM8/getUpdates "HTTP/1.1 200 OK"
2025-07-24 22:45:51,959 - httpx - INFO - HTTP Request: POST https://api.telegram.org/bot7983511863:AAGTLwLrGF9ZsCu8imXUuq-qnD_OeHCIXM8/getUpdates "HTTP/1.1 200 OK"
2025-07-24 22:46:02,050 - httpx - INFO - HTTP Request: POST https://api.telegram.org/bot7983511863:AAGTLwLrGF9ZsCu8imXUuq-qnD_OeHCIXM8/getUpdates "HTTP/1.1 200 OK"
2025-07-24 22:46:12,140 - httpx - INFO - HTTP Request: POST https://api.telegram.org/bot7983511863:AAGTLwLrGF9ZsCu8imXUuq-qnD_OeHCIXM8/getUpdates "HTTP/1.1 200 OK"
2025-07-24 22:46:22,228 - httpx - INFO - HTTP Request: POST https://api.telegram.org/bot7983511863:AAGTLwLrGF9ZsCu8imXUuq-qnD_OeHCIXM8/getUpdates "HTTP/1.1 200 OK"
2025-07-24 22:46:32,317 - httpx - INFO - HTTP Request: POST https://api.telegram.org/bot7983511863:AAGTLwLrGF9ZsCu8imXUuq-qnD_OeHCIXM8/getUpdates "HTTP/1.1 200 OK"
2025-07-24 22:46:42,407 - httpx - INFO - HTTP Request: POST https://api.telegram.org/bot7983511863:AAGTLwLrGF9ZsCu8imXUuq-qnD_OeHCIXM8/getUpdates "HTTP/1.1 200 OK"
2025-07-24 22:46:52,495 - httpx - INFO - HTTP Request: POST https://api.telegram.org/bot7983511863:AAGTLwLrGF9ZsCu8imXUuq-qnD_OeHCIXM8/getUpdates "HTTP/1.1 200 OK"
2025-07-24 22:47:02,582 - httpx - INFO - HTTP Request: POST https://api.telegram.org/bot7983511863:AAGTLwLrGF9ZsCu8imXUuq-qnD_OeHCIXM8/getUpdates "HTTP/1.1 200 OK"
2025-07-24 22:47:12,672 - httpx - INFO - HTTP Request: POST https://api.telegram.org/bot7983511863:AAGTLwLrGF9ZsCu8imXUuq-qnD_OeHCIXM8/getUpdates "HTTP/1.1 200 OK"
2025-07-24 22:47:22,759 - httpx - INFO - HTTP Request: POST https://api.telegram.org/bot7983511863:AAGTLwLrGF9ZsCu8imXUuq-qnD_OeHCIXM8/getUpdates "HTTP/1.1 200 OK"
2025-07-24 22:47:32,846 - httpx - INFO - HTTP Request: POST https://api.telegram.org/bot7983511863:AAGTLwLrGF9ZsCu8imXUuq-qnD_OeHCIXM8/getUpdates "HTTP/1.1 200 OK"
2025-07-24 22:47:42,933 - httpx - INFO - HTTP Request: POST https://api.telegram.org/bot7983511863:AAGTLwLrGF9ZsCu8imXUuq-qnD_OeHCIXM8/getUpdates "HTTP/1.1 200 OK"
2025-07-24 22:47:53,020 - httpx - INFO - HTTP Request: POST https://api.telegram.org/bot7983511863:AAGTLwLrGF9ZsCu8imXUuq-qnD_OeHCIXM8/getUpdates "HTTP/1.1 200 OK"
2025-07-24 22:48:03,106 - httpx - INFO - HTTP Request: POST https://api.telegram.org/bot7983511863:AAGTLwLrGF9ZsCu8imXUuq-qnD_OeHCIXM8/getUpdates "HTTP/1.1 200 OK"
2025-07-24 22:48:13,193 - httpx - INFO - HTTP Request: POST https://api.telegram.org/bot7983511863:AAGTLwLrGF9ZsCu8imXUuq-qnD_OeHCIXM8/getUpdates "HTTP/1.1 200 OK"
2025-07-24 22:48:23,279 - httpx - INFO - HTTP Request: POST https://api.telegram.org/bot7983511863:AAGTLwLrGF9ZsCu8imXUuq-qnD_OeHCIXM8/getUpdates "HTTP/1.1 200 OK"
2025-07-24 22:48:33,368 - httpx - INFO - HTTP Request: POST https://api.telegram.org/bot7983511863:AAGTLwLrGF9ZsCu8imXUuq-qnD_OeHCIXM8/getUpdates "HTTP/1.1 200 OK"
2025-07-24 22:48:43,456 - httpx - INFO - HTTP Request: POST https://api.telegram.org/bot7983511863:AAGTLwLrGF9ZsCu8imXUuq-qnD_OeHCIXM8/getUpdates "HTTP/1.1 200 OK"
2025-07-24 22:48:53,545 - httpx - INFO - HTTP Request: POST https://api.telegram.org/bot7983511863:AAGTLwLrGF9ZsCu8imXUuq-qnD_OeHCIXM8/getUpdates "HTTP/1.1 200 OK"
2025-07-24 22:49:03,648 - httpx - INFO - HTTP Request: POST https://api.telegram.org/bot7983511863:AAGTLwLrGF9ZsCu8imXUuq-qnD_OeHCIXM8/getUpdates "HTTP/1.1 200 OK"
2025-07-24 22:49:13,737 - httpx - INFO - HTTP Request: POST https://api.telegram.org/bot7983511863:AAGTLwLrGF9ZsCu8imXUuq-qnD_OeHCIXM8/getUpdates "HTTP/1.1 200 OK"
2025-07-24 22:49:23,825 - httpx - INFO - HTTP Request: POST https://api.telegram.org/bot7983511863:AAGTLwLrGF9ZsCu8imXUuq-qnD_OeHCIXM8/getUpdates "HTTP/1.1 200 OK"
2025-07-24 22:49:33,913 - httpx - INFO - HTTP Request: POST https://api.telegram.org/bot7983511863:AAGTLwLrGF9ZsCu8imXUuq-qnD_OeHCIXM8/getUpdates "HTTP/1.1 200 OK"
2025-07-24 22:49:44,001 - httpx - INFO - HTTP Request: POST https://api.telegram.org/bot7983511863:AAGTLwLrGF9ZsCu8imXUuq-qnD_OeHCIXM8/getUpdates "HTTP/1.1 200 OK"
2025-07-24 22:49:54,088 - httpx - INFO - HTTP Request: POST https://api.telegram.org/bot7983511863:AAGTLwLrGF9ZsCu8imXUuq-qnD_OeHCIXM8/getUpdates "HTTP/1.1 200 OK"
2025-07-24 22:50:04,175 - httpx - INFO - HTTP Request: POST https://api.telegram.org/bot7983511863:AAGTLwLrGF9ZsCu8imXUuq-qnD_OeHCIXM8/getUpdates "HTTP/1.1 200 OK"
2025-07-24 22:50:14,263 - httpx - INFO - HTTP Request: POST https://api.telegram.org/bot7983511863:AAGTLwLrGF9ZsCu8imXUuq-qnD_OeHCIXM8/getUpdates "HTTP/1.1 200 OK"
2025-07-24 22:50:24,353 - httpx - INFO - HTTP Request: POST https://api.telegram.org/bot7983511863:AAGTLwLrGF9ZsCu8imXUuq-qnD_OeHCIXM8/getUpdates "HTTP/1.1 200 OK"
2025-07-24 22:50:34,439 - httpx - INFO - HTTP Request: POST https://api.telegram.org/bot7983511863:AAGTLwLrGF9ZsCu8imXUuq-qnD_OeHCIXM8/getUpdates "HTTP/1.1 200 OK"
2025-07-24 22:50:44,529 - httpx - INFO - HTTP Request: POST https://api.telegram.org/bot7983511863:AAGTLwLrGF9ZsCu8imXUuq-qnD_OeHCIXM8/getUpdates "HTTP/1.1 200 OK"
2025-07-24 22:50:54,617 - httpx - INFO - HTTP Request: POST https://api.telegram.org/bot7983511863:AAGTLwLrGF9ZsCu8imXUuq-qnD_OeHCIXM8/getUpdates "HTTP/1.1 200 OK"
2025-07-24 22:51:04,704 - httpx - INFO - HTTP Request: POST https://api.telegram.org/bot7983511863:AAGTLwLrGF9ZsCu8imXUuq-qnD_OeHCIXM8/getUpdates "HTTP/1.1 200 OK"
2025-07-24 22:51:14,790 - httpx - INFO - HTTP Request: POST https://api.telegram.org/bot7983511863:AAGTLwLrGF9ZsCu8imXUuq-qnD_OeHCIXM8/getUpdates "HTTP/1.1 200 OK"
2025-07-24 22:51:24,876 - httpx - INFO - HTTP Request: POST https://api.telegram.org/bot7983511863:AAGTLwLrGF9ZsCu8imXUuq-qnD_OeHCIXM8/getUpdates "HTTP/1.1 200 OK"
2025-07-24 22:51:34,963 - httpx - INFO - HTTP Request: POST https://api.telegram.org/bot7983511863:AAGTLwLrGF9ZsCu8imXUuq-qnD_OeHCIXM8/getUpdates "HTTP/1.1 200 OK"
2025-07-24 22:51:45,054 - httpx - INFO - HTTP Request: POST https://api.telegram.org/bot7983511863:AAGTLwLrGF9ZsCu8imXUuq-qnD_OeHCIXM8/getUpdates "HTTP/1.1 200 OK"
2025-07-24 22:51:55,140 - httpx - INFO - HTTP Request: POST https://api.telegram.org/bot7983511863:AAGTLwLrGF9ZsCu8imXUuq-qnD_OeHCIXM8/getUpdates "HTTP/1.1 200 OK"
2025-07-24 22:52:05,227 - httpx - INFO - HTTP Request: POST https://api.telegram.org/bot7983511863:AAGTLwLrGF9ZsCu8imXUuq-qnD_OeHCIXM8/getUpdates "HTTP/1.1 200 OK"
2025-07-24 22:52:15,314 - httpx - INFO - HTTP Request: POST https://api.telegram.org/bot7983511863:AAGTLwLrGF9ZsCu8imXUuq-qnD_OeHCIXM8/getUpdates "HTTP/1.1 200 OK"
2025-07-24 22:52:25,580 - httpx - INFO - HTTP Request: POST https://api.telegram.org/bot7983511863:AAGTLwLrGF9ZsCu8imXUuq-qnD_OeHCIXM8/getUpdates "HTTP/1.1 200 OK"
2025-07-24 22:52:35,666 - httpx - INFO - HTTP Request: POST https://api.telegram.org/bot7983511863:AAGTLwLrGF9ZsCu8imXUuq-qnD_OeHCIXM8/getUpdates "HTTP/1.1 200 OK"
2025-07-24 22:52:45,752 - httpx - INFO - HTTP Request: POST https://api.telegram.org/bot7983511863:AAGTLwLrGF9ZsCu8imXUuq-qnD_OeHCIXM8/getUpdates "HTTP/1.1 200 OK"
2025-07-24 22:52:55,838 - httpx - INFO - HTTP Request: POST https://api.telegram.org/bot7983511863:AAGTLwLrGF9ZsCu8imXUuq-qnD_OeHCIXM8/getUpdates "HTTP/1.1 200 OK"
2025-07-24 22:53:05,925 - httpx - INFO - HTTP Request: POST https://api.telegram.org/bot7983511863:AAGTLwLrGF9ZsCu8imXUuq-qnD_OeHCIXM8/getUpdates "HTTP/1.1 200 OK"
2025-07-24 22:53:16,012 - httpx - INFO - HTTP Request: POST https://api.telegram.org/bot7983511863:AAGTLwLrGF9ZsCu8imXUuq-qnD_OeHCIXM8/getUpdates "HTTP/1.1 200 OK"
2025-07-24 22:53:26,104 - httpx - INFO - HTTP Request: POST https://api.telegram.org/bot7983511863:AAGTLwLrGF9ZsCu8imXUuq-qnD_OeHCIXM8/getUpdates "HTTP/1.1 200 OK"
2025-07-24 22:53:36,191 - httpx - INFO - HTTP Request: POST https://api.telegram.org/bot7983511863:AAGTLwLrGF9ZsCu8imXUuq-qnD_OeHCIXM8/getUpdates "HTTP/1.1 200 OK"
2025-07-24 22:53:46,278 - httpx - INFO - HTTP Request: POST https://api.telegram.org/bot7983511863:AAGTLwLrGF9ZsCu8imXUuq-qnD_OeHCIXM8/getUpdates "HTTP/1.1 200 OK"
2025-07-24 22:53:56,365 - httpx - INFO - HTTP Request: POST https://api.telegram.org/bot7983511863:AAGTLwLrGF9ZsCu8imXUuq-qnD_OeHCIXM8/getUpdates "HTTP/1.1 200 OK"
2025-07-24 22:54:06,453 - httpx - INFO - HTTP Request: POST https://api.telegram.org/bot7983511863:AAGTLwLrGF9ZsCu8imXUuq-qnD_OeHCIXM8/getUpdates "HTTP/1.1 200 OK"
2025-07-24 22:54:16,540 - httpx - INFO - HTTP Request: POST https://api.telegram.org/bot7983511863:AAGTLwLrGF9ZsCu8imXUuq-qnD_OeHCIXM8/getUpdates "HTTP/1.1 200 OK"
2025-07-24 22:54:26,627 - httpx - INFO - HTTP Request: POST https://api.telegram.org/bot7983511863:AAGTLwLrGF9ZsCu8imXUuq-qnD_OeHCIXM8/getUpdates "HTTP/1.1 200 OK"
2025-07-24 22:54:36,714 - httpx - INFO - HTTP Request: POST https://api.telegram.org/bot7983511863:AAGTLwLrGF9ZsCu8imXUuq-qnD_OeHCIXM8/getUpdates "HTTP/1.1 200 OK"
2025-07-24 22:54:46,800 - httpx - INFO - HTTP Request: POST https://api.telegram.org/bot7983511863:AAGTLwLrGF9ZsCu8imXUuq-qnD_OeHCIXM8/getUpdates "HTTP/1.1 200 OK"
2025-07-24 22:54:56,889 - httpx - INFO - HTTP Request: POST https://api.telegram.org/bot7983511863:AAGTLwLrGF9ZsCu8imXUuq-qnD_OeHCIXM8/getUpdates "HTTP/1.1 200 OK"
2025-07-24 22:55:06,975 - httpx - INFO - HTTP Request: POST https://api.telegram.org/bot7983511863:AAGTLwLrGF9ZsCu8imXUuq-qnD_OeHCIXM8/getUpdates "HTTP/1.1 200 OK"
